Start testing: Mar 14 20:46 GMT
----------------------------------------------------------
10/11 Testing: test_version_correctness
10/11 Test: test_version_correctness
Command: "/Users/ejallen/Desktop/c2_coursework/build/test/test_version_correctness"
Directory: /Users/ejallen/Desktop/c2_coursework/build/test
"test_version_correctness" start time: Mar 14 20:46 GMT
Output:
----------------------------------------------------------
test_version_correctness passed
<end of output>
Test time =   0.96 sec
----------------------------------------------------------
Test Passed.
"test_version_correctness" end time: Mar 14 20:46 GMT
"test_version_correctness" time elapsed: 00:00:00
----------------------------------------------------------

11/11 Testing: test_perf_time_output
11/11 Test: test_perf_time_output
Command: "/Users/ejallen/Desktop/c2_coursework/build/test/test_perf_time_output" "/Users/ejallen/Desktop/c2_coursework/build/run/run_cholesky"
Directory: /Users/ejallen/Desktop/c2_coursework/build/test
"test_perf_time_output" start time: Mar 14 20:46 GMT
Output:
----------------------------------------------------------
test_perf_time_output passed
<end of output>
Test time =   0.26 sec
----------------------------------------------------------
Test Passed.
"test_perf_time_output" end time: Mar 14 20:46 GMT
"test_perf_time_output" time elapsed: 00:00:00
----------------------------------------------------------

End testing: Mar 14 20:46 GMT
